=== Generation Started 2025-07-04 06:05:12 ===
Processing Sky News...
URL: https://m.youtube.com/watch?v=YDvsBbKfLPA
Trying primary method for Sky News...
WARNING: "-f best" selects the best pre-merged format which is often not the best option.
         To let yt-dlp download and merge the best available formats, simply do not pass any format selection.
         If you know what you are doing and want only the best pre-merged format, use "-f b" instead to suppress this warning
ERROR: [youtube] YDvsBbKfLPA: Sign in to confirm you’re not a bot. Use --cookies-from-browser or --cookies for the authentication. See  https://github.com/yt-dlp/yt-dlp/wiki/FAQ#how-do-i-pass-cookies-to-yt-dlp  for how to manually pass cookies. Also see  https://github.com/yt-dlp/yt-dlp/wiki/Extractors#exporting-youtube-cookies  for tips on effectively exporting YouTube cookies
Trying fallback method for Sky News...
WARNING: "-f best" selects the best pre-merged format which is often not the best option.
         To let yt-dlp download and merge the best available formats, simply do not pass any format selection.
         If you know what you are doing and want only the best pre-merged format, use "-f b" instead to suppress this warning
ERROR: could not find chrome cookies database in "/home/runner/.config/google-chrome"
SUCCESS: Added Sky News
Processing Independent TV...
URL: https://m.youtube.com/watch?v=wuUhC6jfqrY|https://raw.githubusercontent.com/r1d3x6/skgitvglogojkkk/refs/heads/main/indipendent.png
Trying primary method for Independent TV...
WARNING: "-f best" selects the best pre-merged format which is often not the best option.
         To let yt-dlp download and merge the best available formats, simply do not pass any format selection.
         If you know what you are doing and want only the best pre-merged format, use "-f b" instead to suppress this warning
ERROR: [youtube] wuUhC6jfqrY: Sign in to confirm you’re not a bot. Use --cookies-from-browser or --cookies for the authentication. See  https://github.com/yt-dlp/yt-dlp/wiki/FAQ#how-do-i-pass-cookies-to-yt-dlp  for how to manually pass cookies. Also see  https://github.com/yt-dlp/yt-dlp/wiki/Extractors#exporting-youtube-cookies  for tips on effectively exporting YouTube cookies
Trying fallback method for Independent TV...
WARNING: "-f best" selects the best pre-merged format which is often not the best option.
         To let yt-dlp download and merge the best available formats, simply do not pass any format selection.
         If you know what you are doing and want only the best pre-merged format, use "-f b" instead to suppress this warning
ERROR: could not find chrome cookies database in "/home/runner/.config/google-chrome"
SUCCESS: Added Independent TV
Processing ANN NEWS CH...
URL: https://m.youtube.com/watch?v=coYw-eVU0Ks
Trying primary method for ANN NEWS CH...
WARNING: "-f best" selects the best pre-merged format which is often not the best option.
         To let yt-dlp download and merge the best available formats, simply do not pass any format selection.
         If you know what you are doing and want only the best pre-merged format, use "-f b" instead to suppress this warning
ERROR: [youtube] coYw-eVU0Ks: Sign in to confirm you’re not a bot. Use --cookies-from-browser or --cookies for the authentication. See  https://github.com/yt-dlp/yt-dlp/wiki/FAQ#how-do-i-pass-cookies-to-yt-dlp  for how to manually pass cookies. Also see  https://github.com/yt-dlp/yt-dlp/wiki/Extractors#exporting-youtube-cookies  for tips on effectively exporting YouTube cookies
Trying fallback method for ANN NEWS CH...
WARNING: "-f best" selects the best pre-merged format which is often not the best option.
         To let yt-dlp download and merge the best available formats, simply do not pass any format selection.
         If you know what you are doing and want only the best pre-merged format, use "-f b" instead to suppress this warning
ERROR: could not find chrome cookies database in "/home/runner/.config/google-chrome"
SUCCESS: Added ANN NEWS CH
Processing Jamuna TV...
URL: https://m.youtube.com/watch?v=yDzvLqfQhyM|https://raw.githubusercontent.com/r1d3x6/tandjtales/refs/heads/Tom-and-Jerry-Tales/jamunatv.png
Trying primary method for Jamuna TV...
WARNING: "-f best" selects the best pre-merged format which is often not the best option.
         To let yt-dlp download and merge the best available formats, simply do not pass any format selection.
         If you know what you are doing and want only the best pre-merged format, use "-f b" instead to suppress this warning
ERROR: [youtube] yDzvLqfQhyM: Sign in to confirm you’re not a bot. Use --cookies-from-browser or --cookies for the authentication. See  https://github.com/yt-dlp/yt-dlp/wiki/FAQ#how-do-i-pass-cookies-to-yt-dlp  for how to manually pass cookies. Also see  https://github.com/yt-dlp/yt-dlp/wiki/Extractors#exporting-youtube-cookies  for tips on effectively exporting YouTube cookies
Trying fallback method for Jamuna TV...
WARNING: "-f best" selects the best pre-merged format which is often not the best option.
         To let yt-dlp download and merge the best available formats, simply do not pass any format selection.
         If you know what you are doing and want only the best pre-merged format, use "-f b" instead to suppress this warning
ERROR: could not find chrome cookies database in "/home/runner/.config/google-chrome"
SUCCESS: Added Jamuna TV
Processing 24/7 Mr bean...
URL: https://m.youtube.com/live/amzgpxDsJjQ|https://encrypted-tbn0.gstatic.com/images?q=tbn:ANd9GcQRdE8B6TfR8VPk_FyFC98t97So4oPnEkYmJtH_gJHYiTeMT0A2KNmoIJI&s=10
Trying primary method for 24/7 Mr bean...
WARNING: "-f best" selects the best pre-merged format which is often not the best option.
         To let yt-dlp download and merge the best available formats, simply do not pass any format selection.
         If you know what you are doing and want only the best pre-merged format, use "-f b" instead to suppress this warning
ERROR: [youtube] amzgpxDsJjQ: Sign in to confirm you’re not a bot. Use --cookies-from-browser or --cookies for the authentication. See  https://github.com/yt-dlp/yt-dlp/wiki/FAQ#how-do-i-pass-cookies-to-yt-dlp  for how to manually pass cookies. Also see  https://github.com/yt-dlp/yt-dlp/wiki/Extractors#exporting-youtube-cookies  for tips on effectively exporting YouTube cookies
Trying fallback method for 24/7 Mr bean...
WARNING: "-f best" selects the best pre-merged format which is often not the best option.
         To let yt-dlp download and merge the best available formats, simply do not pass any format selection.
         If you know what you are doing and want only the best pre-merged format, use "-f b" instead to suppress this warning
ERROR: could not find chrome cookies database in "/home/runner/.config/google-chrome"
SUCCESS: Added 24/7 Mr bean
Processing Somoy TV...
URL: https://m.youtube.com/watch?v=OJVLgmpnk4U|https://raw.githubusercontent.com/r1d3x6/tandjtales/refs/heads/Tom-and-Jerry-Tales/somoytv.png
Trying primary method for Somoy TV...
WARNING: "-f best" selects the best pre-merged format which is often not the best option.
         To let yt-dlp download and merge the best available formats, simply do not pass any format selection.
         If you know what you are doing and want only the best pre-merged format, use "-f b" instead to suppress this warning
ERROR: [youtube] OJVLgmpnk4U: Sign in to confirm you’re not a bot. Use --cookies-from-browser or --cookies for the authentication. See  https://github.com/yt-dlp/yt-dlp/wiki/FAQ#how-do-i-pass-cookies-to-yt-dlp  for how to manually pass cookies. Also see  https://github.com/yt-dlp/yt-dlp/wiki/Extractors#exporting-youtube-cookies  for tips on effectively exporting YouTube cookies
Trying fallback method for Somoy TV...
WARNING: "-f best" selects the best pre-merged format which is often not the best option.
         To let yt-dlp download and merge the best available formats, simply do not pass any format selection.
         If you know what you are doing and want only the best pre-merged format, use "-f b" instead to suppress this warning
ERROR: could not find chrome cookies database in "/home/runner/.config/google-chrome"
SUCCESS: Added Somoy TV
Processing Aljazeera English...
URL: https://m.youtube.com/watch?v=gCNeDWCI0vo|https://raw.githubusercontent.com/r1d3x6/skgitvglogojkkk/refs/heads/main/aljazeera.png
Trying primary method for Aljazeera English...
WARNING: "-f best" selects the best pre-merged format which is often not the best option.
         To let yt-dlp download and merge the best available formats, simply do not pass any format selection.
         If you know what you are doing and want only the best pre-merged format, use "-f b" instead to suppress this warning
ERROR: [youtube] gCNeDWCI0vo: Sign in to confirm you’re not a bot. Use --cookies-from-browser or --cookies for the authentication. See  https://github.com/yt-dlp/yt-dlp/wiki/FAQ#how-do-i-pass-cookies-to-yt-dlp  for how to manually pass cookies. Also see  https://github.com/yt-dlp/yt-dlp/wiki/Extractors#exporting-youtube-cookies  for tips on effectively exporting YouTube cookies
Trying fallback method for Aljazeera English...
WARNING: "-f best" selects the best pre-merged format which is often not the best option.
         To let yt-dlp download and merge the best available formats, simply do not pass any format selection.
         If you know what you are doing and want only the best pre-merged format, use "-f b" instead to suppress this warning
ERROR: could not find chrome cookies database in "/home/runner/.config/google-chrome"
SUCCESS: Added Aljazeera English
Processing Channel 24...
URL: https://m.youtube.com/watch?v=HjZ48tDFjZU|https://raw.githubusercontent.com/r1d3x6/tandjtales/refs/heads/Tom-and-Jerry-Tales/channel-24.png
Trying primary method for Channel 24...
WARNING: "-f best" selects the best pre-merged format which is often not the best option.
         To let yt-dlp download and merge the best available formats, simply do not pass any format selection.
         If you know what you are doing and want only the best pre-merged format, use "-f b" instead to suppress this warning
ERROR: [youtube] HjZ48tDFjZU: Sign in to confirm you’re not a bot. Use --cookies-from-browser or --cookies for the authentication. See  https://github.com/yt-dlp/yt-dlp/wiki/FAQ#how-do-i-pass-cookies-to-yt-dlp  for how to manually pass cookies. Also see  https://github.com/yt-dlp/yt-dlp/wiki/Extractors#exporting-youtube-cookies  for tips on effectively exporting YouTube cookies
Trying fallback method for Channel 24...
WARNING: "-f best" selects the best pre-merged format which is often not the best option.
         To let yt-dlp download and merge the best available formats, simply do not pass any format selection.
         If you know what you are doing and want only the best pre-merged format, use "-f b" instead to suppress this warning
ERROR: could not find chrome cookies database in "/home/runner/.config/google-chrome"
SUCCESS: Added Channel 24
Processing Alquran Alkareem...
URL: https://m.youtube.com/watch?v=-BlZnoDjxmM|https://raw.githubusercontent.com/r1d3x6/skgitvglogojkkk/refs/heads/main/alquran-alkarim.png
Trying primary method for Alquran Alkareem...
WARNING: "-f best" selects the best pre-merged format which is often not the best option.
         To let yt-dlp download and merge the best available formats, simply do not pass any format selection.
         If you know what you are doing and want only the best pre-merged format, use "-f b" instead to suppress this warning
ERROR: [youtube] -BlZnoDjxmM: Sign in to confirm you’re not a bot. Use --cookies-from-browser or --cookies for the authentication. See  https://github.com/yt-dlp/yt-dlp/wiki/FAQ#how-do-i-pass-cookies-to-yt-dlp  for how to manually pass cookies. Also see  https://github.com/yt-dlp/yt-dlp/wiki/Extractors#exporting-youtube-cookies  for tips on effectively exporting YouTube cookies
Trying fallback method for Alquran Alkareem...
WARNING: "-f best" selects the best pre-merged format which is often not the best option.
         To let yt-dlp download and merge the best available formats, simply do not pass any format selection.
         If you know what you are doing and want only the best pre-merged format, use "-f b" instead to suppress this warning
ERROR: could not find chrome cookies database in "/home/runner/.config/google-chrome"
SUCCESS: Added Alquran Alkareem
Processing Arirang TV...
URL: https://m.youtube.com/watch?v=CJVBX7KI5nU
Trying primary method for Arirang TV...
WARNING: "-f best" selects the best pre-merged format which is often not the best option.
         To let yt-dlp download and merge the best available formats, simply do not pass any format selection.
         If you know what you are doing and want only the best pre-merged format, use "-f b" instead to suppress this warning
ERROR: [youtube] CJVBX7KI5nU: Sign in to confirm you’re not a bot. Use --cookies-from-browser or --cookies for the authentication. See  https://github.com/yt-dlp/yt-dlp/wiki/FAQ#how-do-i-pass-cookies-to-yt-dlp  for how to manually pass cookies. Also see  https://github.com/yt-dlp/yt-dlp/wiki/Extractors#exporting-youtube-cookies  for tips on effectively exporting YouTube cookies
Trying fallback method for Arirang TV...
WARNING: "-f best" selects the best pre-merged format which is often not the best option.
         To let yt-dlp download and merge the best available formats, simply do not pass any format selection.
         If you know what you are doing and want only the best pre-merged format, use "-f b" instead to suppress this warning
ERROR: could not find chrome cookies database in "/home/runner/.config/google-chrome"
SUCCESS: Added Arirang TV
Processing GEO News...
URL: https://m.youtube.com/watch?v=O3DPVlynUM0
Trying primary method for GEO News...
WARNING: "-f best" selects the best pre-merged format which is often not the best option.
         To let yt-dlp download and merge the best available formats, simply do not pass any format selection.
         If you know what you are doing and want only the best pre-merged format, use "-f b" instead to suppress this warning
ERROR: [youtube] O3DPVlynUM0: Sign in to confirm you’re not a bot. Use --cookies-from-browser or --cookies for the authentication. See  https://github.com/yt-dlp/yt-dlp/wiki/FAQ#how-do-i-pass-cookies-to-yt-dlp  for how to manually pass cookies. Also see  https://github.com/yt-dlp/yt-dlp/wiki/Extractors#exporting-youtube-cookies  for tips on effectively exporting YouTube cookies
Trying fallback method for GEO News...
WARNING: "-f best" selects the best pre-merged format which is often not the best option.
         To let yt-dlp download and merge the best available formats, simply do not pass any format selection.
         If you know what you are doing and want only the best pre-merged format, use "-f b" instead to suppress this warning
ERROR: could not find chrome cookies database in "/home/runner/.config/google-chrome"
SUCCESS: Added GEO News
Processing YTN...
URL: https://m.youtube.com/watch?v=xfFa_kcPnCY
Trying primary method for YTN...
WARNING: "-f best" selects the best pre-merged format which is often not the best option.
         To let yt-dlp download and merge the best available formats, simply do not pass any format selection.
         If you know what you are doing and want only the best pre-merged format, use "-f b" instead to suppress this warning
ERROR: [youtube] xfFa_kcPnCY: Sign in to confirm you’re not a bot. Use --cookies-from-browser or --cookies for the authentication. See  https://github.com/yt-dlp/yt-dlp/wiki/FAQ#how-do-i-pass-cookies-to-yt-dlp  for how to manually pass cookies. Also see  https://github.com/yt-dlp/yt-dlp/wiki/Extractors#exporting-youtube-cookies  for tips on effectively exporting YouTube cookies
Trying fallback method for YTN...
WARNING: "-f best" selects the best pre-merged format which is often not the best option.
         To let yt-dlp download and merge the best available formats, simply do not pass any format selection.
         If you know what you are doing and want only the best pre-merged format, use "-f b" instead to suppress this warning
ERROR: could not find chrome cookies database in "/home/runner/.config/google-chrome"
SUCCESS: Added YTN
Processing Ekattor TV...
URL: https://m.youtube.com/watch?v=Byw9GNvDz8A|https://raw.githubusercontent.com/r1d3x6/skgitvglogojkkk/refs/heads/main/ekattor-tv.png
Trying primary method for Ekattor TV...
WARNING: "-f best" selects the best pre-merged format which is often not the best option.
         To let yt-dlp download and merge the best available formats, simply do not pass any format selection.
         If you know what you are doing and want only the best pre-merged format, use "-f b" instead to suppress this warning
ERROR: [youtube] Byw9GNvDz8A: Sign in to confirm you’re not a bot. Use --cookies-from-browser or --cookies for the authentication. See  https://github.com/yt-dlp/yt-dlp/wiki/FAQ#how-do-i-pass-cookies-to-yt-dlp  for how to manually pass cookies. Also see  https://github.com/yt-dlp/yt-dlp/wiki/Extractors#exporting-youtube-cookies  for tips on effectively exporting YouTube cookies
Trying fallback method for Ekattor TV...
WARNING: "-f best" selects the best pre-merged format which is often not the best option.
         To let yt-dlp download and merge the best available formats, simply do not pass any format selection.
         If you know what you are doing and want only the best pre-merged format, use "-f b" instead to suppress this warning
ERROR: could not find chrome cookies database in "/home/runner/.config/google-chrome"
SUCCESS: Added Ekattor TV

=== Final Results ===
Completed: 2025-07-04 06:05:43
Channels Processed: 13
Successfully Added: 13
Failed: 0
Playlist Lines: 28
